/rpcs/btc.go:65 [测试] Request body: {"method":"getblockhash","params":[0],"id":"81"}
/rpcs/btc.go:85 [测试] Response body: {"result":"0f9188f13cb7b2c71f2a335e3a4fc328bf5beb436012afca590b1a11466e2206","error":null,"id":"81"}

/rpcs/btc.go:65 [测试] Request body: {"method":"getblock","params":["0f9188f13cb7b2c71f2a335e3a4fc328bf5beb436012afca590b1a11466e2206"],"id":"887"}
/rpcs/btc.go:85 [测试] Response body: {"result":{"hash":"0f9188f13cb7b2c71f2a335e3a4fc328bf5beb436012afca590b1a11466e2206","confirmations":2,"strippedsize":285,"size":285,"weight":1140,"height":0,"version":1,"versionHex":"00000001","merkleroot":"4a5e1e4baab89f3a32518a88c31bc87f618f76673e2cc77ab2127b7afdeda33b","tx":["4a5e1e4baab89f3a32518a88c31bc87f618f76673e2cc77ab2127b7afdeda33b"],"time":1296688602,"mediantime":1296688602,"nonce":2,"bits":"207fffff","difficulty":4.656542373906925e-10,"chainwork":"0000000000000000000000000000000000000000000000000000000000000002","nextblockhash":"42a072de70380712aa9c763315cf9ffb9705e950afe9ba4b49a6abbe005ce8a4"},"error":null,"id":"887"}

/rpcs/btc.go:65 [测试] Request body: {"method":"getrawtransaction","params":["4a5e1e4baab89f3a32518a88c31bc87f618f76673e2cc77ab2127b7afdeda33b",1],"id":"847"}
/rpcs/btc.go:85 [测试] Response body: {"result":null,"error":{"code":-5,"message":"The genesis block coinbase is not considered an ordinary transaction and cannot be retrieved"},"id":"847"}

/rpcs/btc.go:65 [测试] Request body: {"method":"getblockhash","params":[1],"id":"81"}
/rpcs/btc.go:85 [测试] Response body: {"result":"42a072de70380712aa9c763315cf9ffb9705e950afe9ba4b49a6abbe005ce8a4","error":null,"id":"81"}

/rpcs/btc.go:65 [测试] Request body: {"method":"getblock","params":["42a072de70380712aa9c763315cf9ffb9705e950afe9ba4b49a6abbe005ce8a4"],"id":"887"}
/rpcs/btc.go:85 [测试] Response body: {"result":{"hash":"42a072de70380712aa9c763315cf9ffb9705e950afe9ba4b49a6abbe005ce8a4","confirmations":1,"strippedsize":226,"size":262,"weight":940,"height":1,"version":536870912,"versionHex":"20000000","merkleroot":"3334ed8aa4a1c215f7c3ce6445dad14b2cd66cd004a1df39c9d6b6aad68d8edd","tx":["3334ed8aa4a1c215f7c3ce6445dad14b2cd66cd004a1df39c9d6b6aad68d8edd"],"time":1532596367,"mediantime":1532596367,"nonce":0,"bits":"207fffff","difficulty":4.656542373906925e-10,"chainwork":"0000000000000000000000000000000000000000000000000000000000000004","previousblockhash":"0f9188f13cb7b2c71f2a335e3a4fc328bf5beb436012afca590b1a11466e2206"},"error":null,"id":"887"}

/rpcs/btc.go:65 [测试] Request body: {"method":"getrawtransaction","params":["3334ed8aa4a1c215f7c3ce6445dad14b2cd66cd004a1df39c9d6b6aad68d8edd",1],"id":"847"}
/rpcs/btc.go:85 [测试] Response body: {"result":{"txid":"3334ed8aa4a1c215f7c3ce6445dad14b2cd66cd004a1df39c9d6b6aad68d8edd","hash":"cc619d9fb57519b2494d1bf17c7a393f226fa5a1007a834a74b5799bfa05b984","version":2,"size":181,"vsize":154,"locktime":0,"vin":[{"coinbase":"510101","sequence":4294967295}],"vout":[{"value":50.00000000,"n":0,"scriptPubKey":{"asm":"02727e06ff43a7f42ce49d9fae51c08088c77139e0295917a262bdd7114d73acf9 OP_CHECKSIG","hex":"2102727e06ff43a7f42ce49d9fae51c08088c77139e0295917a262bdd7114d73acf9ac","reqSigs":1,"type":"pubkey","addresses":["mqExFLtGt1PwUoxmugUtZtBsEthi1ouSbo"]}},{"value":0.00000000,"n":1,"scriptPubKey":{"asm":"OP_RETURN aa21a9ede2f61c3f71d1defd3fa999dfa36953755c690689799962b48bebd836974e8cf9","hex":"6a24aa21a9ede2f61c3f71d1defd3fa999dfa36953755c690689799962b48bebd836974e8cf9","type":"nulldata"}}],"hex":"020000000001010000000000000000000000000000000000000000000000000000000000000000ffffffff03510101ffffffff0200f2052a01000000232102727e06ff43a7f42ce49d9fae51c08088c77139e0295917a262bdd7114d73acf9ac0000000000000000266a24aa21a9ede2f61c3f71d1defd3fa999dfa36953755c690689799962b48bebd836974e8cf90120000000000000000000000000000000000000000000000000000000000000000000000000","blockhash":"42a072de70380712aa9c763315cf9ffb9705e950afe9ba4b49a6abbe005ce8a4","confirmations":1,"time":1532596367,"blocktime":1532596367},"error":null,"id":"847"}

/rpcs/btc.go:65 [测试] Request body: {"method":"gettransaction","params":["3334ed8aa4a1c215f7c3ce6445dad14b2cd66cd004a1df39c9d6b6aad68d8edd"],"id":"59"}
/rpcs/btc.go:85 [测试] Response body: {"result":{"amount":0.00000000,"confirmations":1,"generated":true,"blockhash":"42a072de70380712aa9c763315cf9ffb9705e950afe9ba4b49a6abbe005ce8a4","blockindex":0,"blocktime":1532596367,"txid":"3334ed8aa4a1c215f7c3ce6445dad14b2cd66cd004a1df39c9d6b6aad68d8edd","walletconflicts":[],"time":1532596367,"timereceived":1532596367,"bip125-replaceable":"no","details":[{"account":"","address":"mqExFLtGt1PwUoxmugUtZtBsEthi1ouSbo","category":"immature","amount":50.00000000,"vout":0}],"hex":"020000000001010000000000000000000000000000000000000000000000000000000000000000ffffffff03510101ffffffff0200f2052a01000000232102727e06ff43a7f42ce49d9fae51c08088c77139e0295917a262bdd7114d73acf9ac0000000000000000266a24aa21a9ede2f61c3f71d1defd3fa999dfa36953755c690689799962b48bebd836974e8cf90120000000000000000000000000000000000000000000000000000000000000000000000000"},"error":null,"id":"59"}

/rpcs/btc.go:65 [测试] Request body: {"method":"getblockhash","params":[2],"id":"81"}
/rpcs/btc.go:85 [测试] Response body: {"result":null,"error":{"code":-8,"message":"Block height out of range"},"id":"81"}

/rpcs/btc.go:65 [测试] Request body: {"method":"getblockcount","params":[],"id":"81"}
/rpcs/btc.go:85 [测试] Response body: {"result":1,"error":null,"id":"81"}

/rpcs/btc.go:65 [测试] Request body: {"method":"getblockcount","params":[],"id":"887"}
/rpcs/btc.go:85 [测试] Response body: {"result":1,"error":null,"id":"887"}

/rpcs/btc.go:65 [测试] Request body: {"method":"getblockcount","params":[],"id":"847"}
/rpcs/btc.go:85 [测试] Response body: {"result":1,"error":null,"id":"847"}

/rpcs/btc.go:65 [测试] Request body: {"method":"getblockcount","params":[],"id":"59"}
/rpcs/btc.go:85 [测试] Response body: {"result":1,"error":null,"id":"59"}

/rpcs/btc.go:65 [测试] Request body: {"method":"getblockcount","params":[],"id":"81"}
/rpcs/btc.go:85 [测试] Response body: {"result":1,"error":null,"id":"81"}

/rpcs/btc.go:65 [测试] Request body: {"method":"getblockcount","params":[],"id":"318"}
/rpcs/btc.go:85 [测试] Response body: {"result":1,"error":null,"id":"318"}

/rpcs/btc.go:65 [测试] Request body: {"method":"getblockcount","params":[],"id":"425"}
/rpcs/btc.go:85 [测试] Response body: {"result":1,"error":null,"id":"425"}

/rpcs/btc.go:65 [测试] Request body: {"method":"getblockcount","params":[],"id":"540"}
/rpcs/btc.go:85 [测试] Response body: {"result":1,"error":null,"id":"540"}

/rpcs/btc.go:65 [测试] Request body: {"method":"getblockcount","params":[],"id":"456"}
/rpcs/btc.go:85 [测试] Response body: {"result":1,"error":null,"id":"456"}

/rpcs/btc.go:65 [测试] Request body: {"method":"getblockcount","params":[],"id":"300"}
/rpcs/btc.go:85 [测试] Response body: {"result":1,"error":null,"id":"300"}

/rpcs/btc.go:65 [测试] Request body: {"method":"getblockcount","params":[],"id":"694"}
/rpcs/btc.go:85 [测试] Response body: {"result":1,"error":null,"id":"694"}

/rpcs/btc.go:65 [测试] Request body: {"method":"getblockcount","params":[],"id":"511"}
/rpcs/btc.go:85 [测试] Response body: {"result":1,"error":null,"id":"511"}

/rpcs/btc.go:65 [测试] Request body: {"method":"getblockcount","params":[],"id":"162"}
/rpcs/btc.go:85 [测试] Response body: {"result":1,"error":null,"id":"162"}

/rpcs/btc.go:65 [测试] Request body: {"method":"getblockcount","params":[],"id":"89"}
/rpcs/btc.go:85 [测试] Response body: {"result":1,"error":null,"id":"89"}

/rpcs/btc.go:65 [测试] Request body: {"method":"getblockcount","params":[],"id":"728"}
/rpcs/btc.go:85 [测试] Response body: {"result":1,"error":null,"id":"728"}

/rpcs/btc.go:65 [测试] Request body: {"method":"getblockcount","params":[],"id":"274"}
/rpcs/btc.go:85 [测试] Response body: {"result":1,"error":null,"id":"274"}

/rpcs/btc.go:65 [测试] Request body: {"method":"getblockcount","params":[],"id":"211"}
/rpcs/btc.go:85 [测试] Response body: {"result":1,"error":null,"id":"211"}

/rpcs/btc.go:65 [测试] Request body: {"method":"getblockcount","params":[],"id":"445"}
/rpcs/btc.go:85 [测试] Response body: {"result":1,"error":null,"id":"445"}

/rpcs/btc.go:65 [测试] Request body: {"method":"getblockcount","params":[],"id":"237"}
/rpcs/btc.go:85 [测试] Response body: {"result":1,"error":null,"id":"237"}

/rpcs/btc.go:65 [测试] Request body: {"method":"getblockcount","params":[],"id":"106"}
